<?xml version="1.0" encoding="UTF-8"?>
<testsuite xmlns:xsi="http://www.w3.org/2001/XMLSchema-instance" xsi:noNamespaceSchemaLocation="https://maven.apache.org/surefire/maven-surefire-plugin/xsd/surefire-test-report-3.0.xsd" version="3.0" name="com.ayan.service.TestCalculator" time="0.518" tests="7" errors="0" skipped="0" failures="0">
  <properties>
    <property name="sun.desktop" value="windows"/>
    <property name="awt.toolkit" value="sun.awt.windows.WToolkit"/>
    <property name="java.specification.version" value="11"/>
    <property name="sun.cpu.isalist" value="amd64"/>
    <property name="sun.jnu.encoding" value="Cp1252"/>
    <property name="java.class.path" value="C:\Users\ayanrai\Desktop\ls\target\test-classes;C:\Users\ayanrai\Desktop\ls\target\classes;C:\Users\ayanrai\.m2\repository\junit\junit\4.13.2\junit-4.13.2.jar;C:\Users\ayanrai\.m2\repository\org\hamcrest\hamcrest-core\1.3\hamcrest-core-1.3.jar;C:\Users\ayanrai\.m2\repository\org\testng\testng\7.3.0\testng-7.3.0.jar;C:\Users\ayanrai\.m2\repository\com\beust\jcommander\1.78\jcommander-1.78.jar;C:\Users\ayanrai\.m2\repository\org\apache\ant\ant\1.10.3\ant-1.10.3.jar;C:\Users\ayanrai\.m2\repository\org\apache\ant\ant-launcher\1.10.3\ant-launcher-1.10.3.jar;C:\Users\ayanrai\.m2\repository\com\google\inject\guice\4.2.2\guice-4.2.2-no_aop.jar;C:\Users\ayanrai\.m2\repository\javax\inject\javax.inject\1\javax.inject-1.jar;C:\Users\ayanrai\.m2\repository\com\google\guava\guava\25.1-android\guava-25.1-android.jar;C:\Users\ayanrai\.m2\repository\com\google\code\findbugs\jsr305\3.0.2\jsr305-3.0.2.jar;C:\Users\ayanrai\.m2\repository\org\checkerframework\checker-compat-qual\2.0.0\checker-compat-qual-2.0.0.jar;C:\Users\ayanrai\.m2\repository\com\google\errorprone\error_prone_annotations\2.1.3\error_prone_annotations-2.1.3.jar;C:\Users\ayanrai\.m2\repository\com\google\j2objc\j2objc-annotations\1.1\j2objc-annotations-1.1.jar;C:\Users\ayanrai\.m2\repository\org\codehaus\mojo\animal-sniffer-annotations\1.14\animal-sniffer-annotations-1.14.jar;C:\Users\ayanrai\.m2\repository\org\yaml\snakeyaml\1.21\snakeyaml-1.21.jar;C:\Users\ayanrai\.m2\repository\org\springframework\spring-web\3.0.5.RELEASE\spring-web-3.0.5.RELEASE.jar;C:\Users\ayanrai\.m2\repository\aopalliance\aopalliance\1.0\aopalliance-1.0.jar;C:\Users\ayanrai\.m2\repository\org\springframework\spring-beans\3.0.5.RELEASE\spring-beans-3.0.5.RELEASE.jar;C:\Users\ayanrai\.m2\repository\org\springframework\spring-core\3.0.5.RELEASE\spring-core-3.0.5.RELEASE.jar;C:\Users\ayanrai\.m2\repository\commons-logging\commons-logging\1.1.1\commons-logging-1.1.1.jar;C:\Users\ayanrai\.m2\repository\org\springframework\spring-webmvc\3.0.5.RELEASE\spring-webmvc-3.0.5.RELEASE.jar;C:\Users\ayanrai\.m2\repository\org\springframework\spring-asm\3.0.5.RELEASE\spring-asm-3.0.5.RELEASE.jar;C:\Users\ayanrai\.m2\repository\org\springframework\spring-context-support\3.0.5.RELEASE\spring-context-support-3.0.5.RELEASE.jar;C:\Users\ayanrai\.m2\repository\org\springframework\spring-expression\3.0.5.RELEASE\spring-expression-3.0.5.RELEASE.jar;C:\Users\ayanrai\.m2\repository\org\springframework\spring-context\4.0.6.RELEASE\spring-context-4.0.6.RELEASE.jar;C:\Users\ayanrai\.m2\repository\org\springframework\spring-aop\4.0.6.RELEASE\spring-aop-4.0.6.RELEASE.jar;C:\Users\ayanrai\.m2\repository\mysql\mysql-connector-java\5.1.36\mysql-connector-java-5.1.36.jar;C:\Users\ayanrai\.m2\repository\javax\servlet\jstl\1.2\jstl-1.2.jar;C:\Users\ayanrai\.m2\repository\jakarta\servlet\jakarta.servlet-api\6.0.0\jakarta.servlet-api-6.0.0.jar;C:\Users\ayanrai\.m2\repository\jakarta\servlet\jsp\jstl\jakarta.servlet.jsp.jstl-api\3.0.0\jakarta.servlet.jsp.jstl-api-3.0.0.jar;C:\Users\ayanrai\.m2\repository\jakarta\el\jakarta.el-api\5.0.0\jakarta.el-api-5.0.0.jar;C:\Users\ayanrai\.m2\repository\javax\servlet\javax.servlet-api\3.1.0\javax.servlet-api-3.1.0.jar;"/>
    <property name="java.vm.vendor" value="Oracle Corporation"/>
    <property name="sun.arch.data.model" value="64"/>
    <property name="user.variant" value=""/>
    <property name="java.vendor.url" value="https://openjdk.java.net/"/>
    <property name="user.timezone" value="Asia/Calcutta"/>
    <property name="java.vm.specification.version" value="11"/>
    <property name="os.name" value="Windows 10"/>
    <property name="sun.java.launcher" value="SUN_STANDARD"/>
    <property name="user.country" value="IN"/>
    <property name="sun.boot.library.path" value="C:\softwares\openlogic-openjdk-11.0.8+10-win-x64\bin"/>
    <property name="sun.java.command" value="C:\Users\ayanrai\AppData\Local\Temp\surefire4078128468209668503\surefirebooter-20230326223237838_3.jar C:\Users\ayanrai\AppData\Local\Temp\surefire4078128468209668503 2023-03-26T22-32-37_289-jvmRun1 surefire-20230326223237838_1tmp surefire_0-20230326223237838_2tmp"/>
    <property name="jdk.debug" value="release"/>
    <property name="surefire.test.class.path" value="C:\Users\ayanrai\Desktop\ls\target\test-classes;C:\Users\ayanrai\Desktop\ls\target\classes;C:\Users\ayanrai\.m2\repository\junit\junit\4.13.2\junit-4.13.2.jar;C:\Users\ayanrai\.m2\repository\org\hamcrest\hamcrest-core\1.3\hamcrest-core-1.3.jar;C:\Users\ayanrai\.m2\repository\org\testng\testng\7.3.0\testng-7.3.0.jar;C:\Users\ayanrai\.m2\repository\com\beust\jcommander\1.78\jcommander-1.78.jar;C:\Users\ayanrai\.m2\repository\org\apache\ant\ant\1.10.3\ant-1.10.3.jar;C:\Users\ayanrai\.m2\repository\org\apache\ant\ant-launcher\1.10.3\ant-launcher-1.10.3.jar;C:\Users\ayanrai\.m2\repository\com\google\inject\guice\4.2.2\guice-4.2.2-no_aop.jar;C:\Users\ayanrai\.m2\repository\javax\inject\javax.inject\1\javax.inject-1.jar;C:\Users\ayanrai\.m2\repository\com\google\guava\guava\25.1-android\guava-25.1-android.jar;C:\Users\ayanrai\.m2\repository\com\google\code\findbugs\jsr305\3.0.2\jsr305-3.0.2.jar;C:\Users\ayanrai\.m2\repository\org\checkerframework\checker-compat-qual\2.0.0\checker-compat-qual-2.0.0.jar;C:\Users\ayanrai\.m2\repository\com\google\errorprone\error_prone_annotations\2.1.3\error_prone_annotations-2.1.3.jar;C:\Users\ayanrai\.m2\repository\com\google\j2objc\j2objc-annotations\1.1\j2objc-annotations-1.1.jar;C:\Users\ayanrai\.m2\repository\org\codehaus\mojo\animal-sniffer-annotations\1.14\animal-sniffer-annotations-1.14.jar;C:\Users\ayanrai\.m2\repository\org\yaml\snakeyaml\1.21\snakeyaml-1.21.jar;C:\Users\ayanrai\.m2\repository\org\springframework\spring-web\3.0.5.RELEASE\spring-web-3.0.5.RELEASE.jar;C:\Users\ayanrai\.m2\repository\aopalliance\aopalliance\1.0\aopalliance-1.0.jar;C:\Users\ayanrai\.m2\repository\org\springframework\spring-beans\3.0.5.RELEASE\spring-beans-3.0.5.RELEASE.jar;C:\Users\ayanrai\.m2\repository\org\springframework\spring-core\3.0.5.RELEASE\spring-core-3.0.5.RELEASE.jar;C:\Users\ayanrai\.m2\repository\commons-logging\commons-logging\1.1.1\commons-logging-1.1.1.jar;C:\Users\ayanrai\.m2\repository\org\springframework\spring-webmvc\3.0.5.RELEASE\spring-webmvc-3.0.5.RELEASE.jar;C:\Users\ayanrai\.m2\repository\org\springframework\spring-asm\3.0.5.RELEASE\spring-asm-3.0.5.RELEASE.jar;C:\Users\ayanrai\.m2\repository\org\springframework\spring-context-support\3.0.5.RELEASE\spring-context-support-3.0.5.RELEASE.jar;C:\Users\ayanrai\.m2\repository\org\springframework\spring-expression\3.0.5.RELEASE\spring-expression-3.0.5.RELEASE.jar;C:\Users\ayanrai\.m2\repository\org\springframework\spring-context\4.0.6.RELEASE\spring-context-4.0.6.RELEASE.jar;C:\Users\ayanrai\.m2\repository\org\springframework\spring-aop\4.0.6.RELEASE\spring-aop-4.0.6.RELEASE.jar;C:\Users\ayanrai\.m2\repository\mysql\mysql-connector-java\5.1.36\mysql-connector-java-5.1.36.jar;C:\Users\ayanrai\.m2\repository\javax\servlet\jstl\1.2\jstl-1.2.jar;C:\Users\ayanrai\.m2\repository\jakarta\servlet\jakarta.servlet-api\6.0.0\jakarta.servlet-api-6.0.0.jar;C:\Users\ayanrai\.m2\repository\jakarta\servlet\jsp\jstl\jakarta.servlet.jsp.jstl-api\3.0.0\jakarta.servlet.jsp.jstl-api-3.0.0.jar;C:\Users\ayanrai\.m2\repository\jakarta\el\jakarta.el-api\5.0.0\jakarta.el-api-5.0.0.jar;C:\Users\ayanrai\.m2\repository\javax\servlet\javax.servlet-api\3.1.0\javax.servlet-api-3.1.0.jar;"/>
    <property name="sun.cpu.endian" value="little"/>
    <property name="user.home" value="C:\Users\ayanrai"/>
    <property name="user.language" value="en"/>
    <property name="java.specification.vendor" value="Oracle Corporation"/>
    <property name="java.version.date" value="2020-07-14"/>
    <property name="java.home" value="C:\softwares\openlogic-openjdk-11.0.8+10-win-x64"/>
    <property name="file.separator" value="\"/>
    <property name="basedir" value="C:\Users\ayanrai\Desktop\ls"/>
    <property name="java.vm.compressedOopsMode" value="Zero based"/>
    <property name="line.separator" value="&#10;"/>
    <property name="java.specification.name" value="Java Platform API Specification"/>
    <property name="java.vm.specification.vendor" value="Oracle Corporation"/>
    <property name="java.awt.graphicsenv" value="sun.awt.Win32GraphicsEnvironment"/>
    <property name="surefire.real.class.path" value="C:\Users\ayanrai\AppData\Local\Temp\surefire4078128468209668503\surefirebooter-20230326223237838_3.jar"/>
    <property name="user.script" value=""/>
    <property name="sun.management.compiler" value="HotSpot 64-Bit Tiered Compilers"/>
    <property name="java.runtime.version" value="11.0.8-internal+0-adhoc..jdk11u"/>
    <property name="user.name" value="ayanrai"/>
    <property name="path.separator" value=";"/>
    <property name="os.version" value="10.0"/>
    <property name="java.runtime.name" value="OpenJDK Runtime Environment"/>
    <property name="file.encoding" value="Cp1252"/>
    <property name="java.vm.name" value="OpenJDK 64-Bit Server VM"/>
    <property name="localRepository" value="C:\Users\ayanrai\.m2\repository"/>
    <property name="java.vendor.url.bug" value="https://bugreport.java.com/bugreport/"/>
    <property name="java.io.tmpdir" value="C:\Users\ayanrai\AppData\Local\Temp\"/>
    <property name="java.version" value="11.0.8-internal"/>
    <property name="user.dir" value="C:\Users\ayanrai\Desktop\ls"/>
    <property name="os.arch" value="amd64"/>
    <property name="java.vm.specification.name" value="Java Virtual Machine Specification"/>
    <property name="java.awt.printerjob" value="sun.awt.windows.WPrinterJob"/>
    <property name="sun.os.patch.level" value=""/>
    <property name="java.library.path" value="C:\softwares\openlogic-openjdk-11.0.8+10-win-x64\bin;C:\Windows\Sun\Java\bin;C:\Windows\system32;C:\Windows;C:\Windows\system32;C:\Windows;C:\Windows\System32\Wbem;C:\Windows\System32\WindowsPowerShell\v1.0\;C:\Windows\System32\OpenSSH\;C:\Program Files\TortoiseSVN\bin;C:\Program Files\Microsoft SQL Server\130\Tools\Binn\;C:\Program Files\Microsoft SQL Server\Client SDK\ODBC\170\Tools\Binn\;C:\Program Files\nodejs\;C:\Program Files (x86)\Microsoft SQL Server\150\DTS\Binn\;C:\Program Files\Azure Data Studio\bin;C:\Program Files (x86)\Microsoft SQL Server\140\Tools\Binn\;C:\Program Files\Microsoft SQL Server\140\Tools\Binn\;C:\Program Files (x86)\Microsoft SQL Server\140\DTS\Binn\;C:\Program Files\Microsoft SQL Server\140\DTS\Binn\;C:\Program Files\Microsoft SQL Server\Client SDK\ODBC\130\Tools\Binn\;C:\terraform_1.3.9_windows_386;C:\Program Files\Git\cmd;C:\softwares\apache-maven-3.9.0-bin\apache-maven-3.9.0\bin;C:\softwares\apache-tomcat-10.1.7\bin;C:\.Net &amp; Java Software\sonarqube-8.7.1.42226\bin;C:\softwares\artifactory-oss-7.55.4\app\bin;C:\Program Files\Microsoft VS Code\bin;C:\softwares\openlogic-openjdk-11.0.8+10-win-x64\bin;C:\Users\ayanrai\AppData\Local\Microsoft\WindowsApps;C:\Users\ayanrai\AppData\Roaming\npm;C:\Program Files\Azure Data Studio\bin;C:\Users\ayanrai\AppData\Local\Programs\Microsoft VS Code\bin;;."/>
    <property name="java.vm.info" value="mixed mode"/>
    <property name="java.vendor" value="N/A"/>
    <property name="java.vm.version" value="11.0.8-internal+0-adhoc..jdk11u"/>
    <property name="sun.io.unicode.encoding" value="UnicodeLittle"/>
    <property name="java.class.version" value="55.0"/>
  </properties>
  <testcase name="testAdd on testAdd(com.ayan.service.TestCalculator)" classname="com.ayan.service.TestCalculator" time="0.005"/>
  <testcase name="testDiv on testDiv(com.ayan.service.TestCalculator)" classname="com.ayan.service.TestCalculator" time="0"/>
  <testcase name="testMod on testMod(com.ayan.service.TestCalculator)" classname="com.ayan.service.TestCalculator" time="0"/>
  <testcase name="testSub on testSub(com.ayan.service.TestCalculator)" classname="com.ayan.service.TestCalculator" time="0"/>
  <testcase name="testMult on testMult(com.ayan.service.TestCalculator)" classname="com.ayan.service.TestCalculator" time="0"/>
  <testcase name="testModZero on testModZero(com.ayan.service.TestCalculator)" classname="com.ayan.service.TestCalculator" time="0"/>
  <testcase name="testDivZero on testDivZero(com.ayan.service.TestCalculator)" classname="com.ayan.service.TestCalculator" time="0"/>
</testsuite>