<?xml version="1.0" encoding="UTF-8"?>
<!-- Generated by org.testng.reporters.JUnitReportReporter -->
<testsuite hostname="IN-510D5S3" failures="0" tests="7" name="com.ayan.service.TestCalculator" time="0.091" errors="0" timestamp="2023-03-26T22:32:38 IST" skipped="0">
  <testcase classname="com.ayan.service.TestCalculator" name="testMod" time="0.012"/>
  <system-out/>
  <testcase classname="com.ayan.service.TestCalculator" name="testModZero" time="0.013"/>
  <system-out/>
  <testcase classname="com.ayan.service.TestCalculator" name="testSub" time="0.013"/>
  <system-out/>
  <testcase classname="com.ayan.service.TestCalculator" name="testDiv" time="0.013"/>
  <system-out/>
  <testcase classname="com.ayan.service.TestCalculator" name="testMult" time="0.013"/>
  <system-out/>
  <testcase classname="com.ayan.service.TestCalculator" name="testDivZero" time="0.014"/>
  <system-out/>
  <testcase classname="com.ayan.service.TestCalculator" name="testAdd" time="0.013"/>
  <system-out/>
</testsuite> <!-- com.ayan.service.TestCalculator -->
